<!DOCTYPE html>

<html>
  <head>
  <meta charset='utf-8'>
  <title>TestNG reports</title>

    <link type="text/css" href="testng-reports.css" rel="stylesheet" />
    <script type="text/javascript" src="jquery-1.7.1.min.js"></script>
    <script type="text/javascript" src="testng-reports.js"></script>
    <script type="text/javascript" src="https://www.google.com/jsapi"></script>
    <script type='text/javascript'>
      google.load('visualization', '1', {packages:['table']});
      google.setOnLoadCallback(drawTable);
      var suiteTableInitFunctions = new Array();
      var suiteTableData = new Array();
    </script>
    <!--
      <script type="text/javascript" src="jquery-ui/js/jquery-ui-1.8.16.custom.min.js"></script>
     -->
  </head>

  <body>
    <div class="top-banner-root">
      <span class="top-banner-title-font">Test results</span>
      <br/>
      <span class="top-banner-font-1">1 suite, 6 failed tests</span>
    </div> <!-- top-banner-root -->
    <div class="navigator-root">
      <div class="navigator-suite-header">
        <span>All suites</span>
        <a href="#" class="collapse-all-link" title="Collapse/expand all the suites">
          <img class="collapse-all-icon" src="collapseall.gif">
          </img> <!-- collapse-all-icon -->
        </a> <!-- collapse-all-link -->
      </div> <!-- navigator-suite-header -->
      <div class="suite">
        <div class="rounded-window">
          <div class="suite-header light-rounded-window-top">
            <a href="#" class="navigator-link" panel-name="suite-Default_suite">
              <span class="suite-name border-failed">Default suite</span>
            </a> <!-- navigator-link -->
          </div> <!-- suite-header light-rounded-window-top -->
          <div class="navigator-suite-content">
            <div class="suite-section-title">
              <span>Info</span>
            </div> <!-- suite-section-title -->
            <div class="suite-section-content">
              <ul>
                <li>
                  <a href="#" class="navigator-link " panel-name="test-xml-Default_suite">
                    <span>C:\Users\Harsha Verma\AppData\Local\Temp\testng-eclipse--65334118\testng-customsuite.xml</span>
                  </a> <!-- navigator-link  -->
                </li>
                <li>
                  <a href="#" class="navigator-link " panel-name="testlist-Default_suite">
                    <span class="test-stats">1 test</span>
                  </a> <!-- navigator-link  -->
                </li>
                <li>
                  <a href="#" class="navigator-link " panel-name="group-Default_suite">
                    <span>0 groups</span>
                  </a> <!-- navigator-link  -->
                </li>
                <li>
                  <a href="#" class="navigator-link " panel-name="times-Default_suite">
                    <span>Times</span>
                  </a> <!-- navigator-link  -->
                </li>
                <li>
                  <a href="#" class="navigator-link " panel-name="reporter-Default_suite">
                    <span>Reporter output</span>
                  </a> <!-- navigator-link  -->
                </li>
                <li>
                  <a href="#" class="navigator-link " panel-name="ignored-methods-Default_suite">
                    <span>Ignored methods</span>
                  </a> <!-- navigator-link  -->
                </li>
                <li>
                  <a href="#" class="navigator-link " panel-name="chronological-Default_suite">
                    <span>Chronological view</span>
                  </a> <!-- navigator-link  -->
                </li>
              </ul>
            </div> <!-- suite-section-content -->
            <div class="result-section">
              <div class="suite-section-title">
                <span>Results</span>
              </div> <!-- suite-section-title -->
              <div class="suite-section-content">
                <ul>
                  <li>
                    <span class="method-stats">16 methods, 6 failed,   10 passed</span>
                  </li>
                  <li>
                    <span class="method-list-title failed">Failed methods</span>
                    <span class="show-or-hide-methods failed">
                      <a href="#" panel-name="suite-Default_suite" class="hide-methods failed suite-Default_suite"> (hide)</a> <!-- hide-methods failed suite-Default_suite -->
                      <a href="#" panel-name="suite-Default_suite" class="show-methods failed suite-Default_suite"> (show)</a> <!-- show-methods failed suite-Default_suite -->
                    </span>
                    <div class="method-list-content failed suite-Default_suite">
                      <span>
                        <img width="3%" src="failed.png"/>
                        <a href="#" class="method navigator-link" panel-name="suite-Default_suite" title="Tests.RegisterPageTesting" hash-for-method="AssignValues(test1@gmail.com, tu, tu, , quadros, 4021110000, 6, thisone, 5, , 6, forever, null)">AssignValues(test1@gmail.com, tu, tu, , quadros, 4021110000, 6, thisone, 5, , 6, forever, null)</a> <!-- method navigator-link -->
                      </span>
                      <br/>
                      <span>
                        <img width="3%" src="failed.png"/>
                        <a href="#" class="method navigator-link" panel-name="suite-Default_suite" title="Tests.RegisterPageTesting" hash-for-method="AssignValues(shanshan@unomaha.edu, shanshan, shanshan, , test, 4021110000, 1, thisone, 5, thatone, 5, forever, nu...)">AssignValues(shanshan@unomaha.edu, shanshan, shanshan, , test, 4021110000, 1, thisone, 5, thatone, 5, forever, nu...)</a> <!-- method navigator-link -->
                      </span>
                      <br/>
                      <span>
                        <img width="3%" src="failed.png"/>
                        <a href="#" class="method navigator-link" panel-name="suite-Default_suite" title="Tests.RegisterPageTesting" hash-for-method="AssignValues(shanshan@unomaha.edu, , shanshan, test, test, 4021110000, 1, thisone, 3, thatone, 3, forever, null)">AssignValues(shanshan@unomaha.edu, , shanshan, test, test, 4021110000, 1, thisone, 3, thatone, 3, forever, null)</a> <!-- method navigator-link -->
                      </span>
                      <br/>
                      <span>
                        <img width="3%" src="failed.png"/>
                        <a href="#" class="method navigator-link" panel-name="suite-Default_suite" title="Tests.RegisterPageTesting" hash-for-method="AssignValues(shanshan@unomaha.edu, shanshan, shanshan, test, , 4021110000, 1, thisone, 6, thatone, 6, forever, nu...)">AssignValues(shanshan@unomaha.edu, shanshan, shanshan, test, , 4021110000, 1, thisone, 6, thatone, 6, forever, nu...)</a> <!-- method navigator-link -->
                      </span>
                      <br/>
                      <span>
                        <img width="3%" src="failed.png"/>
                        <a href="#" class="method navigator-link" panel-name="suite-Default_suite" title="Tests.RegisterPageTesting" hash-for-method="AssignValues(, shanshan, shanshan, test, test, 4021110000, 1, thisone, 2, thatone, 2, forever, null)">AssignValues(, shanshan, shanshan, test, test, 4021110000, 1, thisone, 2, thatone, 2, forever, null)</a> <!-- method navigator-link -->
                      </span>
                      <br/>
                      <span>
                        <img width="3%" src="failed.png"/>
                        <a href="#" class="method navigator-link" panel-name="suite-Default_suite" title="Tests.RegisterPageTesting" hash-for-method="AssignValues(shanshan@unomaha.edu, shanshan, , test, test, 4021110000, 1, thisone, 4, thatone, 4, forever, null)">AssignValues(shanshan@unomaha.edu, shanshan, , test, test, 4021110000, 1, thisone, 4, thatone, 4, forever, null)</a> <!-- method navigator-link -->
                      </span>
                      <br/>
                    </div> <!-- method-list-content failed suite-Default_suite -->
                  </li>
                  <li>
                    <span class="method-list-title passed">Passed methods</span>
                    <span class="show-or-hide-methods passed">
                      <a href="#" panel-name="suite-Default_suite" class="hide-methods passed suite-Default_suite"> (hide)</a> <!-- hide-methods passed suite-Default_suite -->
                      <a href="#" panel-name="suite-Default_suite" class="show-methods passed suite-Default_suite"> (show)</a> <!-- show-methods passed suite-Default_suite -->
                    </span>
                    <div class="method-list-content passed suite-Default_suite">
                      <span>
                        <img width="3%" src="passed.png"/>
                        <a href="#" class="method navigator-link" panel-name="suite-Default_suite" title="Tests.RegisterPageTesting" hash-for-method="AssignValues(rolen@gmail.com, rolen, rolen, rolen, quadros, 4021110000, 3, thisone, 4, thatone, 4, forever, null)">AssignValues(rolen@gmail.com, rolen, rolen, rolen, quadros, 4021110000, 3, thisone, 4, thatone, 4, forever, null)</a> <!-- method navigator-link -->
                      </span>
                      <br/>
                      <span>
                        <img width="3%" src="passed.png"/>
                        <a href="#" class="method navigator-link" panel-name="suite-Default_suite" title="Tests.RegisterPageTesting" hash-for-method="AssignValues(shanshan@unomaha.edu, shanshan, shanshan, test, test, 4021110000, 5, thisone, 5, thatone, 4, forever...)">AssignValues(shanshan@unomaha.edu, shanshan, shanshan, test, test, 4021110000, 5, thisone, 5, thatone, 4, forever...)</a> <!-- method navigator-link -->
                      </span>
                      <br/>
                      <span>
                        <img width="3%" src="passed.png"/>
                        <a href="#" class="method navigator-link" panel-name="suite-Default_suite" title="Tests.RegisterPageTesting" hash-for-method="AssignValues(shanshan@unomaha.edu, shanshan, shanshan, test, test, 4021110000, 5, thisone, 3, thatone, 5, forever...)">AssignValues(shanshan@unomaha.edu, shanshan, shanshan, test, test, 4021110000, 5, thisone, 3, thatone, 5, forever...)</a> <!-- method navigator-link -->
                      </span>
                      <br/>
                      <span>
                        <img width="3%" src="passed.png"/>
                        <a href="#" class="method navigator-link" panel-name="suite-Default_suite" title="Tests.RegisterPageTesting" hash-for-method="AssignValues(shanshan@unomaha.edu, shanshan, shanshan, test, test, 4021110000, 1, thisone, 3, , 4, forever, null)">AssignValues(shanshan@unomaha.edu, shanshan, shanshan, test, test, 4021110000, 1, thisone, 3, , 4, forever, null)</a> <!-- method navigator-link -->
                      </span>
                      <br/>
                      <span>
                        <img width="3%" src="passed.png"/>
                        <a href="#" class="method navigator-link" panel-name="suite-Default_suite" title="Tests.RegisterPageTesting" hash-for-method="AssignValues(shanshan@unomaha.edu, shanshan, shanshan, test, test, 4021110000, 1, thisone, 3, thatone, 3, forever...)">AssignValues(shanshan@unomaha.edu, shanshan, shanshan, test, test, 4021110000, 1, thisone, 3, thatone, 3, forever...)</a> <!-- method navigator-link -->
                      </span>
                      <br/>
                      <span>
                        <img width="3%" src="passed.png"/>
                        <a href="#" class="method navigator-link" panel-name="suite-Default_suite" title="Tests.RegisterPageTesting" hash-for-method="AssignValues(shanshan@unomaha.edu, shanshan, shan, test, test, , 1, thisone, 7, thatone, 7, forever, null)">AssignValues(shanshan@unomaha.edu, shanshan, shan, test, test, , 1, thisone, 7, thatone, 7, forever, null)</a> <!-- method navigator-link -->
                      </span>
                      <br/>
                      <span>
                        <img width="3%" src="passed.png"/>
                        <a href="#" class="method navigator-link" panel-name="suite-Default_suite" title="Tests.RegisterPageTesting" hash-for-method="AssignValues(shanshan@unomaha.edu, shanshan, shanshan, test, test, 4021110000, 1, thisone, 2, thatone, 2, forever...)">AssignValues(shanshan@unomaha.edu, shanshan, shanshan, test, test, 4021110000, 1, thisone, 2, thatone, 2, forever...)</a> <!-- method navigator-link -->
                      </span>
                      <br/>
                      <span>
                        <img width="3%" src="passed.png"/>
                        <a href="#" class="method navigator-link" panel-name="suite-Default_suite" title="Tests.RegisterPageTesting" hash-for-method="AssignValues(shanshan@unomaha.edu, shanshan, shanshan, test, test, 4021110000, 1, , 1, thatone, 3, forever, null)">AssignValues(shanshan@unomaha.edu, shanshan, shanshan, test, test, 4021110000, 1, , 1, thatone, 3, forever, null)</a> <!-- method navigator-link -->
                      </span>
                      <br/>
                      <span>
                        <img width="3%" src="passed.png"/>
                        <a href="#" class="method navigator-link" panel-name="suite-Default_suite" title="Tests.RegisterPageTesting" hash-for-method="AssignValues(shanshan@unomaha.edu, shanshan, shanshan, test, test, 4021110000, 3, thisone, 3, thatone, 4, , null)">AssignValues(shanshan@unomaha.edu, shanshan, shanshan, test, test, 4021110000, 3, thisone, 3, thatone, 4, , null)</a> <!-- method navigator-link -->
                      </span>
                      <br/>
                      <span>
                        <img width="3%" src="passed.png"/>
                        <a href="#" class="method navigator-link" panel-name="suite-Default_suite" title="Tests.RegisterPageTesting" hash-for-method="AssignValues(astril@gmail.com, astril, astril, astril, quadros, 4021110000, 3, , 3, thatone, 4, forever, null)">AssignValues(astril@gmail.com, astril, astril, astril, quadros, 4021110000, 3, , 3, thatone, 4, forever, null)</a> <!-- method navigator-link -->
                      </span>
                      <br/>
                    </div> <!-- method-list-content passed suite-Default_suite -->
                  </li>
                </ul>
              </div> <!-- suite-section-content -->
            </div> <!-- result-section -->
          </div> <!-- navigator-suite-content -->
        </div> <!-- rounded-window -->
      </div> <!-- suite -->
    </div> <!-- navigator-root -->
    <div class="wrapper">
      <div class="main-panel-root">
        <div panel-name="suite-Default_suite" class="panel Default_suite">
          <div class="suite-Default_suite-class-failed">
            <div class="main-panel-header rounded-window-top">
              <img src="failed.png"/>
              <span class="class-name">Tests.RegisterPageTesting</span>
            </div> <!-- main-panel-header rounded-window-top -->
            <div class="main-panel-content rounded-window-bottom">
              <div class="method">
                <div class="method-content">
                  <a name="AssignValues(test1@gmail.com, tu, tu, , quadros, 4021110000, 6, thisone, 5, , 6, forever, null)">
                  </a> <!-- AssignValues(test1@gmail.com, tu, tu, , quadros, 4021110000, 6, thisone, 5, , 6, forever, null) -->
                  <span class="method-name">AssignValues</span>
                  <span class="parameters">(test1@gmail.com, tu, tu, , quadros, 4021110000, 6, thisone, 5, , 6, forever, null)</span>
                  <div class="stack-trace">org.openqa.selenium.NoSuchElementException: Unable to locate element: #emailidalert
For documentation on this error, please visit: http://seleniumhq.org/exceptions/no_such_element.html
Build info: version: &apos;unknown&apos;, revision: &apos;unknown&apos;, time: &apos;unknown&apos;
System info: host: &apos;DESKTOP-9SJ2URU&apos;, ip: &apos;192.168.0.30&apos;, os.name: &apos;Windows 10&apos;, os.arch: &apos;amd64&apos;, os.version: &apos;10.0&apos;, java.version: &apos;1.8.0_144&apos;
Driver info: org.openqa.selenium.firefox.FirefoxDriver
Capabilities [{moz:profile=C:\Users\Harsha Verma\AppData\Local\Temp\rust_mozprofile.lrXAHbXAFlgD, rotatable=false, timeouts={implicit=0, pageLoad=300000, script=30000}, pageLoadStrategy=normal, moz:headless=false, platform=XP, specificationLevel=0, moz:accessibilityChecks=false, acceptInsecureCerts=false, browserVersion=56.0, platformVersion=10.0, moz:processID=16064, browserName=firefox, javascriptEnabled=true, platformName=XP}]
Session ID: afc83086-7d8a-47ad-8b88-3dd049692b1b
*** Element info: {Using=id, value=emailidalert}
	at sun.reflect.NativeConstructorAccessorImpl.newInstance0(Native Method)
	at sun.reflect.NativeConstructorAccessorImpl.newInstance(Unknown Source)
	at sun.reflect.DelegatingConstructorAccessorImpl.newInstance(Unknown Source)
	at java.lang.reflect.Constructor.newInstance(Unknown Source)
	at org.openqa.selenium.remote.http.W3CHttpResponseCodec.createException(W3CHttpResponseCodec.java:185)
	at org.openqa.selenium.remote.http.W3CHttpResponseCodec.decode(W3CHttpResponseCodec.java:120)
	at org.openqa.selenium.remote.http.W3CHttpResponseCodec.decode(W3CHttpResponseCodec.java:49)
	at org.openqa.selenium.remote.HttpCommandExecutor.execute(HttpCommandExecutor.java:164)
	at org.openqa.selenium.remote.service.DriverCommandExecutor.execute(DriverCommandExecutor.java:82)
	at org.openqa.selenium.remote.RemoteWebDriver.execute(RemoteWebDriver.java:646)
	at org.openqa.selenium.remote.RemoteWebDriver.findElement(RemoteWebDriver.java:416)
	at org.openqa.selenium.remote.RemoteWebDriver.findElementById(RemoteWebDriver.java:462)
	at org.openqa.selenium.By$ById.findElement(By.java:218)
	at org.openqa.selenium.remote.RemoteWebDriver.findElement(RemoteWebDriver.java:408)
	at Tests.RegisterPageTesting.checkAlert(RegisterPageTesting.java:181)
	at Tests.RegisterPageTesting.AssignValues(RegisterPageTesting.java:111)
	at sun.reflect.NativeMethodAccessorImpl.invoke0(Native Method)
	at sun.reflect.NativeMethodAccessorImpl.invoke(Unknown Source)
	at sun.reflect.DelegatingMethodAccessorImpl.invoke(Unknown Source)
	at java.lang.reflect.Method.invoke(Unknown Source)
	at org.testng.internal.MethodInvocationHelper.invokeMethod(MethodInvocationHelper.java:108)
	at org.testng.internal.Invoker.invokeMethod(Invoker.java:669)
	at org.testng.internal.Invoker.invokeTestMethod(Invoker.java:877)
	at org.testng.internal.Invoker.invokeTestMethods(Invoker.java:1201)
	at org.testng.internal.TestMethodWorker.invokeTestMethods(TestMethodWorker.java:125)
	at org.testng.internal.TestMethodWorker.run(TestMethodWorker.java:109)
	at org.testng.TestRunner.privateRun(TestRunner.java:776)
	at org.testng.TestRunner.run(TestRunner.java:634)
	at org.testng.SuiteRunner.runTest(SuiteRunner.java:425)
	at org.testng.SuiteRunner.runSequentially(SuiteRunner.java:420)
	at org.testng.SuiteRunner.privateRun(SuiteRunner.java:385)
	at org.testng.SuiteRunner.run(SuiteRunner.java:334)
	at org.testng.SuiteRunnerWorker.runSuite(SuiteRunnerWorker.java:52)
	at org.testng.SuiteRunnerWorker.run(SuiteRunnerWorker.java:86)
	at org.testng.TestNG.runSuitesSequentially(TestNG.java:1318)
	at org.testng.TestNG.runSuitesLocally(TestNG.java:1243)
	at org.testng.TestNG.runSuites(TestNG.java:1161)
	at org.testng.TestNG.run(TestNG.java:1129)
	at org.testng.remote.AbstractRemoteTestNG.run(AbstractRemoteTestNG.java:114)
	at org.testng.remote.RemoteTestNG.initAndRun(RemoteTestNG.java:251)
	at org.testng.remote.RemoteTestNG.main(RemoteTestNG.java:77)

</div> <!-- stack-trace -->
                </div> <!-- method-content -->
              </div> <!-- method -->
              <div class="method">
                <div class="method-content">
                  <a name="AssignValues(shanshan@unomaha.edu, shanshan, shanshan, , test, 4021110000, 1, thisone, 5, thatone, 5, forever, nu...)">
                  </a> <!-- AssignValues(shanshan@unomaha.edu, shanshan, shanshan, , test, 4021110000, 1, thisone, 5, thatone, 5, forever, nu...) -->
                  <span class="method-name">AssignValues</span>
                  <span class="parameters">(shanshan@unomaha.edu, shanshan, shanshan, , test, 4021110000, 1, thisone, 5, thatone, 5, forever, null)</span>
                  <div class="stack-trace">org.openqa.selenium.NoSuchElementException: Unable to locate element: #emailidalert
For documentation on this error, please visit: http://seleniumhq.org/exceptions/no_such_element.html
Build info: version: &apos;unknown&apos;, revision: &apos;unknown&apos;, time: &apos;unknown&apos;
System info: host: &apos;DESKTOP-9SJ2URU&apos;, ip: &apos;192.168.0.30&apos;, os.name: &apos;Windows 10&apos;, os.arch: &apos;amd64&apos;, os.version: &apos;10.0&apos;, java.version: &apos;1.8.0_144&apos;
Driver info: org.openqa.selenium.firefox.FirefoxDriver
Capabilities [{moz:profile=C:\Users\Harsha Verma\AppData\Local\Temp\rust_mozprofile.lrXAHbXAFlgD, rotatable=false, timeouts={implicit=0, pageLoad=300000, script=30000}, pageLoadStrategy=normal, moz:headless=false, platform=XP, specificationLevel=0, moz:accessibilityChecks=false, acceptInsecureCerts=false, browserVersion=56.0, platformVersion=10.0, moz:processID=16064, browserName=firefox, javascriptEnabled=true, platformName=XP}]
Session ID: afc83086-7d8a-47ad-8b88-3dd049692b1b
*** Element info: {Using=id, value=emailidalert}
	at sun.reflect.NativeConstructorAccessorImpl.newInstance0(Native Method)
	at sun.reflect.NativeConstructorAccessorImpl.newInstance(Unknown Source)
	at sun.reflect.DelegatingConstructorAccessorImpl.newInstance(Unknown Source)
	at java.lang.reflect.Constructor.newInstance(Unknown Source)
	at org.openqa.selenium.remote.http.W3CHttpResponseCodec.createException(W3CHttpResponseCodec.java:185)
	at org.openqa.selenium.remote.http.W3CHttpResponseCodec.decode(W3CHttpResponseCodec.java:120)
	at org.openqa.selenium.remote.http.W3CHttpResponseCodec.decode(W3CHttpResponseCodec.java:49)
	at org.openqa.selenium.remote.HttpCommandExecutor.execute(HttpCommandExecutor.java:164)
	at org.openqa.selenium.remote.service.DriverCommandExecutor.execute(DriverCommandExecutor.java:82)
	at org.openqa.selenium.remote.RemoteWebDriver.execute(RemoteWebDriver.java:646)
	at org.openqa.selenium.remote.RemoteWebDriver.findElement(RemoteWebDriver.java:416)
	at org.openqa.selenium.remote.RemoteWebDriver.findElementById(RemoteWebDriver.java:462)
	at org.openqa.selenium.By$ById.findElement(By.java:218)
	at org.openqa.selenium.remote.RemoteWebDriver.findElement(RemoteWebDriver.java:408)
	at Tests.RegisterPageTesting.checkAlert(RegisterPageTesting.java:181)
	at Tests.RegisterPageTesting.AssignValues(RegisterPageTesting.java:111)
	at sun.reflect.NativeMethodAccessorImpl.invoke0(Native Method)
	at sun.reflect.NativeMethodAccessorImpl.invoke(Unknown Source)
	at sun.reflect.DelegatingMethodAccessorImpl.invoke(Unknown Source)
	at java.lang.reflect.Method.invoke(Unknown Source)
	at org.testng.internal.MethodInvocationHelper.invokeMethod(MethodInvocationHelper.java:108)
	at org.testng.internal.Invoker.invokeMethod(Invoker.java:669)
	at org.testng.internal.Invoker.invokeTestMethod(Invoker.java:877)
	at org.testng.internal.Invoker.invokeTestMethods(Invoker.java:1201)
	at org.testng.internal.TestMethodWorker.invokeTestMethods(TestMethodWorker.java:125)
	at org.testng.internal.TestMethodWorker.run(TestMethodWorker.java:109)
	at org.testng.TestRunner.privateRun(TestRunner.java:776)
	at org.testng.TestRunner.run(TestRunner.java:634)
	at org.testng.SuiteRunner.runTest(SuiteRunner.java:425)
	at org.testng.SuiteRunner.runSequentially(SuiteRunner.java:420)
	at org.testng.SuiteRunner.privateRun(SuiteRunner.java:385)
	at org.testng.SuiteRunner.run(SuiteRunner.java:334)
	at org.testng.SuiteRunnerWorker.runSuite(SuiteRunnerWorker.java:52)
	at org.testng.SuiteRunnerWorker.run(SuiteRunnerWorker.java:86)
	at org.testng.TestNG.runSuitesSequentially(TestNG.java:1318)
	at org.testng.TestNG.runSuitesLocally(TestNG.java:1243)
	at org.testng.TestNG.runSuites(TestNG.java:1161)
	at org.testng.TestNG.run(TestNG.java:1129)
	at org.testng.remote.AbstractRemoteTestNG.run(AbstractRemoteTestNG.java:114)
	at org.testng.remote.RemoteTestNG.initAndRun(RemoteTestNG.java:251)
	at org.testng.remote.RemoteTestNG.main(RemoteTestNG.java:77)

</div> <!-- stack-trace -->
                </div> <!-- method-content -->
              </div> <!-- method -->
              <div class="method">
                <div class="method-content">
                  <a name="AssignValues(shanshan@unomaha.edu, , shanshan, test, test, 4021110000, 1, thisone, 3, thatone, 3, forever, null)">
                  </a> <!-- AssignValues(shanshan@unomaha.edu, , shanshan, test, test, 4021110000, 1, thisone, 3, thatone, 3, forever, null) -->
                  <span class="method-name">AssignValues</span>
                  <span class="parameters">(shanshan@unomaha.edu, , shanshan, test, test, 4021110000, 1, thisone, 3, thatone, 3, forever, null)</span>
                  <div class="stack-trace">org.openqa.selenium.NoSuchElementException: Unable to locate element: #emailidalert
For documentation on this error, please visit: http://seleniumhq.org/exceptions/no_such_element.html
Build info: version: &apos;unknown&apos;, revision: &apos;unknown&apos;, time: &apos;unknown&apos;
System info: host: &apos;DESKTOP-9SJ2URU&apos;, ip: &apos;192.168.0.30&apos;, os.name: &apos;Windows 10&apos;, os.arch: &apos;amd64&apos;, os.version: &apos;10.0&apos;, java.version: &apos;1.8.0_144&apos;
Driver info: org.openqa.selenium.firefox.FirefoxDriver
Capabilities [{moz:profile=C:\Users\Harsha Verma\AppData\Local\Temp\rust_mozprofile.lrXAHbXAFlgD, rotatable=false, timeouts={implicit=0, pageLoad=300000, script=30000}, pageLoadStrategy=normal, moz:headless=false, platform=XP, specificationLevel=0, moz:accessibilityChecks=false, acceptInsecureCerts=false, browserVersion=56.0, platformVersion=10.0, moz:processID=16064, browserName=firefox, javascriptEnabled=true, platformName=XP}]
Session ID: afc83086-7d8a-47ad-8b88-3dd049692b1b
*** Element info: {Using=id, value=emailidalert}
	at sun.reflect.NativeConstructorAccessorImpl.newInstance0(Native Method)
	at sun.reflect.NativeConstructorAccessorImpl.newInstance(Unknown Source)
	at sun.reflect.DelegatingConstructorAccessorImpl.newInstance(Unknown Source)
	at java.lang.reflect.Constructor.newInstance(Unknown Source)
	at org.openqa.selenium.remote.http.W3CHttpResponseCodec.createException(W3CHttpResponseCodec.java:185)
	at org.openqa.selenium.remote.http.W3CHttpResponseCodec.decode(W3CHttpResponseCodec.java:120)
	at org.openqa.selenium.remote.http.W3CHttpResponseCodec.decode(W3CHttpResponseCodec.java:49)
	at org.openqa.selenium.remote.HttpCommandExecutor.execute(HttpCommandExecutor.java:164)
	at org.openqa.selenium.remote.service.DriverCommandExecutor.execute(DriverCommandExecutor.java:82)
	at org.openqa.selenium.remote.RemoteWebDriver.execute(RemoteWebDriver.java:646)
	at org.openqa.selenium.remote.RemoteWebDriver.findElement(RemoteWebDriver.java:416)
	at org.openqa.selenium.remote.RemoteWebDriver.findElementById(RemoteWebDriver.java:462)
	at org.openqa.selenium.By$ById.findElement(By.java:218)
	at org.openqa.selenium.remote.RemoteWebDriver.findElement(RemoteWebDriver.java:408)
	at Tests.RegisterPageTesting.checkAlert(RegisterPageTesting.java:181)
	at Tests.RegisterPageTesting.AssignValues(RegisterPageTesting.java:111)
	at sun.reflect.NativeMethodAccessorImpl.invoke0(Native Method)
	at sun.reflect.NativeMethodAccessorImpl.invoke(Unknown Source)
	at sun.reflect.DelegatingMethodAccessorImpl.invoke(Unknown Source)
	at java.lang.reflect.Method.invoke(Unknown Source)
	at org.testng.internal.MethodInvocationHelper.invokeMethod(MethodInvocationHelper.java:108)
	at org.testng.internal.Invoker.invokeMethod(Invoker.java:669)
	at org.testng.internal.Invoker.invokeTestMethod(Invoker.java:877)
	at org.testng.internal.Invoker.invokeTestMethods(Invoker.java:1201)
	at org.testng.internal.TestMethodWorker.invokeTestMethods(TestMethodWorker.java:125)
	at org.testng.internal.TestMethodWorker.run(TestMethodWorker.java:109)
	at org.testng.TestRunner.privateRun(TestRunner.java:776)
	at org.testng.TestRunner.run(TestRunner.java:634)
	at org.testng.SuiteRunner.runTest(SuiteRunner.java:425)
	at org.testng.SuiteRunner.runSequentially(SuiteRunner.java:420)
	at org.testng.SuiteRunner.privateRun(SuiteRunner.java:385)
	at org.testng.SuiteRunner.run(SuiteRunner.java:334)
	at org.testng.SuiteRunnerWorker.runSuite(SuiteRunnerWorker.java:52)
	at org.testng.SuiteRunnerWorker.run(SuiteRunnerWorker.java:86)
	at org.testng.TestNG.runSuitesSequentially(TestNG.java:1318)
	at org.testng.TestNG.runSuitesLocally(TestNG.java:1243)
	at org.testng.TestNG.runSuites(TestNG.java:1161)
	at org.testng.TestNG.run(TestNG.java:1129)
	at org.testng.remote.AbstractRemoteTestNG.run(AbstractRemoteTestNG.java:114)
	at org.testng.remote.RemoteTestNG.initAndRun(RemoteTestNG.java:251)
	at org.testng.remote.RemoteTestNG.main(RemoteTestNG.java:77)

</div> <!-- stack-trace -->
                </div> <!-- method-content -->
              </div> <!-- method -->
              <div class="method">
                <div class="method-content">
                  <a name="AssignValues(shanshan@unomaha.edu, shanshan, shanshan, test, , 4021110000, 1, thisone, 6, thatone, 6, forever, nu...)">
                  </a> <!-- AssignValues(shanshan@unomaha.edu, shanshan, shanshan, test, , 4021110000, 1, thisone, 6, thatone, 6, forever, nu...) -->
                  <span class="method-name">AssignValues</span>
                  <span class="parameters">(shanshan@unomaha.edu, shanshan, shanshan, test, , 4021110000, 1, thisone, 6, thatone, 6, forever, null)</span>
                  <div class="stack-trace">org.openqa.selenium.NoSuchElementException: Unable to locate element: #emailidalert
For documentation on this error, please visit: http://seleniumhq.org/exceptions/no_such_element.html
Build info: version: &apos;unknown&apos;, revision: &apos;unknown&apos;, time: &apos;unknown&apos;
System info: host: &apos;DESKTOP-9SJ2URU&apos;, ip: &apos;192.168.0.30&apos;, os.name: &apos;Windows 10&apos;, os.arch: &apos;amd64&apos;, os.version: &apos;10.0&apos;, java.version: &apos;1.8.0_144&apos;
Driver info: org.openqa.selenium.firefox.FirefoxDriver
Capabilities [{moz:profile=C:\Users\Harsha Verma\AppData\Local\Temp\rust_mozprofile.lrXAHbXAFlgD, rotatable=false, timeouts={implicit=0, pageLoad=300000, script=30000}, pageLoadStrategy=normal, moz:headless=false, platform=XP, specificationLevel=0, moz:accessibilityChecks=false, acceptInsecureCerts=false, browserVersion=56.0, platformVersion=10.0, moz:processID=16064, browserName=firefox, javascriptEnabled=true, platformName=XP}]
Session ID: afc83086-7d8a-47ad-8b88-3dd049692b1b
*** Element info: {Using=id, value=emailidalert}
	at sun.reflect.NativeConstructorAccessorImpl.newInstance0(Native Method)
	at sun.reflect.NativeConstructorAccessorImpl.newInstance(Unknown Source)
	at sun.reflect.DelegatingConstructorAccessorImpl.newInstance(Unknown Source)
	at java.lang.reflect.Constructor.newInstance(Unknown Source)
	at org.openqa.selenium.remote.http.W3CHttpResponseCodec.createException(W3CHttpResponseCodec.java:185)
	at org.openqa.selenium.remote.http.W3CHttpResponseCodec.decode(W3CHttpResponseCodec.java:120)
	at org.openqa.selenium.remote.http.W3CHttpResponseCodec.decode(W3CHttpResponseCodec.java:49)
	at org.openqa.selenium.remote.HttpCommandExecutor.execute(HttpCommandExecutor.java:164)
	at org.openqa.selenium.remote.service.DriverCommandExecutor.execute(DriverCommandExecutor.java:82)
	at org.openqa.selenium.remote.RemoteWebDriver.execute(RemoteWebDriver.java:646)
	at org.openqa.selenium.remote.RemoteWebDriver.findElement(RemoteWebDriver.java:416)
	at org.openqa.selenium.remote.RemoteWebDriver.findElementById(RemoteWebDriver.java:462)
	at org.openqa.selenium.By$ById.findElement(By.java:218)
	at org.openqa.selenium.remote.RemoteWebDriver.findElement(RemoteWebDriver.java:408)
	at Tests.RegisterPageTesting.checkAlert(RegisterPageTesting.java:181)
	at Tests.RegisterPageTesting.AssignValues(RegisterPageTesting.java:111)
	at sun.reflect.NativeMethodAccessorImpl.invoke0(Native Method)
	at sun.reflect.NativeMethodAccessorImpl.invoke(Unknown Source)
	at sun.reflect.DelegatingMethodAccessorImpl.invoke(Unknown Source)
	at java.lang.reflect.Method.invoke(Unknown Source)
	at org.testng.internal.MethodInvocationHelper.invokeMethod(MethodInvocationHelper.java:108)
	at org.testng.internal.Invoker.invokeMethod(Invoker.java:669)
	at org.testng.internal.Invoker.invokeTestMethod(Invoker.java:877)
	at org.testng.internal.Invoker.invokeTestMethods(Invoker.java:1201)
	at org.testng.internal.TestMethodWorker.invokeTestMethods(TestMethodWorker.java:125)
	at org.testng.internal.TestMethodWorker.run(TestMethodWorker.java:109)
	at org.testng.TestRunner.privateRun(TestRunner.java:776)
	at org.testng.TestRunner.run(TestRunner.java:634)
	at org.testng.SuiteRunner.runTest(SuiteRunner.java:425)
	at org.testng.SuiteRunner.runSequentially(SuiteRunner.java:420)
	at org.testng.SuiteRunner.privateRun(SuiteRunner.java:385)
	at org.testng.SuiteRunner.run(SuiteRunner.java:334)
	at org.testng.SuiteRunnerWorker.runSuite(SuiteRunnerWorker.java:52)
	at org.testng.SuiteRunnerWorker.run(SuiteRunnerWorker.java:86)
	at org.testng.TestNG.runSuitesSequentially(TestNG.java:1318)
	at org.testng.TestNG.runSuitesLocally(TestNG.java:1243)
	at org.testng.TestNG.runSuites(TestNG.java:1161)
	at org.testng.TestNG.run(TestNG.java:1129)
	at org.testng.remote.AbstractRemoteTestNG.run(AbstractRemoteTestNG.java:114)
	at org.testng.remote.RemoteTestNG.initAndRun(RemoteTestNG.java:251)
	at org.testng.remote.RemoteTestNG.main(RemoteTestNG.java:77)

</div> <!-- stack-trace -->
                </div> <!-- method-content -->
              </div> <!-- method -->
              <div class="method">
                <div class="method-content">
                  <a name="AssignValues(, shanshan, shanshan, test, test, 4021110000, 1, thisone, 2, thatone, 2, forever, null)">
                  </a> <!-- AssignValues(, shanshan, shanshan, test, test, 4021110000, 1, thisone, 2, thatone, 2, forever, null) -->
                  <span class="method-name">AssignValues</span>
                  <span class="parameters">(, shanshan, shanshan, test, test, 4021110000, 1, thisone, 2, thatone, 2, forever, null)</span>
                  <div class="stack-trace">org.openqa.selenium.NoSuchElementException: Unable to locate element: #emailidalert
For documentation on this error, please visit: http://seleniumhq.org/exceptions/no_such_element.html
Build info: version: &apos;unknown&apos;, revision: &apos;unknown&apos;, time: &apos;unknown&apos;
System info: host: &apos;DESKTOP-9SJ2URU&apos;, ip: &apos;192.168.0.30&apos;, os.name: &apos;Windows 10&apos;, os.arch: &apos;amd64&apos;, os.version: &apos;10.0&apos;, java.version: &apos;1.8.0_144&apos;
Driver info: org.openqa.selenium.firefox.FirefoxDriver
Capabilities [{moz:profile=C:\Users\Harsha Verma\AppData\Local\Temp\rust_mozprofile.lrXAHbXAFlgD, rotatable=false, timeouts={implicit=0, pageLoad=300000, script=30000}, pageLoadStrategy=normal, moz:headless=false, platform=XP, specificationLevel=0, moz:accessibilityChecks=false, acceptInsecureCerts=false, browserVersion=56.0, platformVersion=10.0, moz:processID=16064, browserName=firefox, javascriptEnabled=true, platformName=XP}]
Session ID: afc83086-7d8a-47ad-8b88-3dd049692b1b
*** Element info: {Using=id, value=emailidalert}
	at sun.reflect.NativeConstructorAccessorImpl.newInstance0(Native Method)
	at sun.reflect.NativeConstructorAccessorImpl.newInstance(Unknown Source)
	at sun.reflect.DelegatingConstructorAccessorImpl.newInstance(Unknown Source)
	at java.lang.reflect.Constructor.newInstance(Unknown Source)
	at org.openqa.selenium.remote.http.W3CHttpResponseCodec.createException(W3CHttpResponseCodec.java:185)
	at org.openqa.selenium.remote.http.W3CHttpResponseCodec.decode(W3CHttpResponseCodec.java:120)
	at org.openqa.selenium.remote.http.W3CHttpResponseCodec.decode(W3CHttpResponseCodec.java:49)
	at org.openqa.selenium.remote.HttpCommandExecutor.execute(HttpCommandExecutor.java:164)
	at org.openqa.selenium.remote.service.DriverCommandExecutor.execute(DriverCommandExecutor.java:82)
	at org.openqa.selenium.remote.RemoteWebDriver.execute(RemoteWebDriver.java:646)
	at org.openqa.selenium.remote.RemoteWebDriver.findElement(RemoteWebDriver.java:416)
	at org.openqa.selenium.remote.RemoteWebDriver.findElementById(RemoteWebDriver.java:462)
	at org.openqa.selenium.By$ById.findElement(By.java:218)
	at org.openqa.selenium.remote.RemoteWebDriver.findElement(RemoteWebDriver.java:408)
	at Tests.RegisterPageTesting.checkAlert(RegisterPageTesting.java:181)
	at Tests.RegisterPageTesting.AssignValues(RegisterPageTesting.java:111)
	at sun.reflect.NativeMethodAccessorImpl.invoke0(Native Method)
	at sun.reflect.NativeMethodAccessorImpl.invoke(Unknown Source)
	at sun.reflect.DelegatingMethodAccessorImpl.invoke(Unknown Source)
	at java.lang.reflect.Method.invoke(Unknown Source)
	at org.testng.internal.MethodInvocationHelper.invokeMethod(MethodInvocationHelper.java:108)
	at org.testng.internal.Invoker.invokeMethod(Invoker.java:669)
	at org.testng.internal.Invoker.invokeTestMethod(Invoker.java:877)
	at org.testng.internal.Invoker.invokeTestMethods(Invoker.java:1201)
	at org.testng.internal.TestMethodWorker.invokeTestMethods(TestMethodWorker.java:125)
	at org.testng.internal.TestMethodWorker.run(TestMethodWorker.java:109)
	at org.testng.TestRunner.privateRun(TestRunner.java:776)
	at org.testng.TestRunner.run(TestRunner.java:634)
	at org.testng.SuiteRunner.runTest(SuiteRunner.java:425)
	at org.testng.SuiteRunner.runSequentially(SuiteRunner.java:420)
	at org.testng.SuiteRunner.privateRun(SuiteRunner.java:385)
	at org.testng.SuiteRunner.run(SuiteRunner.java:334)
	at org.testng.SuiteRunnerWorker.runSuite(SuiteRunnerWorker.java:52)
	at org.testng.SuiteRunnerWorker.run(SuiteRunnerWorker.java:86)
	at org.testng.TestNG.runSuitesSequentially(TestNG.java:1318)
	at org.testng.TestNG.runSuitesLocally(TestNG.java:1243)
	at org.testng.TestNG.runSuites(TestNG.java:1161)
	at org.testng.TestNG.run(TestNG.java:1129)
	at org.testng.remote.AbstractRemoteTestNG.run(AbstractRemoteTestNG.java:114)
	at org.testng.remote.RemoteTestNG.initAndRun(RemoteTestNG.java:251)
	at org.testng.remote.RemoteTestNG.main(RemoteTestNG.java:77)

</div> <!-- stack-trace -->
                </div> <!-- method-content -->
              </div> <!-- method -->
              <div class="method">
                <div class="method-content">
                  <a name="AssignValues(shanshan@unomaha.edu, shanshan, , test, test, 4021110000, 1, thisone, 4, thatone, 4, forever, null)">
                  </a> <!-- AssignValues(shanshan@unomaha.edu, shanshan, , test, test, 4021110000, 1, thisone, 4, thatone, 4, forever, null) -->
                  <span class="method-name">AssignValues</span>
                  <span class="parameters">(shanshan@unomaha.edu, shanshan, , test, test, 4021110000, 1, thisone, 4, thatone, 4, forever, null)</span>
                  <div class="stack-trace">org.openqa.selenium.NoSuchElementException: Unable to locate element: #emailidalert
For documentation on this error, please visit: http://seleniumhq.org/exceptions/no_such_element.html
Build info: version: &apos;unknown&apos;, revision: &apos;unknown&apos;, time: &apos;unknown&apos;
System info: host: &apos;DESKTOP-9SJ2URU&apos;, ip: &apos;192.168.0.30&apos;, os.name: &apos;Windows 10&apos;, os.arch: &apos;amd64&apos;, os.version: &apos;10.0&apos;, java.version: &apos;1.8.0_144&apos;
Driver info: org.openqa.selenium.firefox.FirefoxDriver
Capabilities [{moz:profile=C:\Users\Harsha Verma\AppData\Local\Temp\rust_mozprofile.lrXAHbXAFlgD, rotatable=false, timeouts={implicit=0, pageLoad=300000, script=30000}, pageLoadStrategy=normal, moz:headless=false, platform=XP, specificationLevel=0, moz:accessibilityChecks=false, acceptInsecureCerts=false, browserVersion=56.0, platformVersion=10.0, moz:processID=16064, browserName=firefox, javascriptEnabled=true, platformName=XP}]
Session ID: afc83086-7d8a-47ad-8b88-3dd049692b1b
*** Element info: {Using=id, value=emailidalert}
	at sun.reflect.NativeConstructorAccessorImpl.newInstance0(Native Method)
	at sun.reflect.NativeConstructorAccessorImpl.newInstance(Unknown Source)
	at sun.reflect.DelegatingConstructorAccessorImpl.newInstance(Unknown Source)
	at java.lang.reflect.Constructor.newInstance(Unknown Source)
	at org.openqa.selenium.remote.http.W3CHttpResponseCodec.createException(W3CHttpResponseCodec.java:185)
	at org.openqa.selenium.remote.http.W3CHttpResponseCodec.decode(W3CHttpResponseCodec.java:120)
	at org.openqa.selenium.remote.http.W3CHttpResponseCodec.decode(W3CHttpResponseCodec.java:49)
	at org.openqa.selenium.remote.HttpCommandExecutor.execute(HttpCommandExecutor.java:164)
	at org.openqa.selenium.remote.service.DriverCommandExecutor.execute(DriverCommandExecutor.java:82)
	at org.openqa.selenium.remote.RemoteWebDriver.execute(RemoteWebDriver.java:646)
	at org.openqa.selenium.remote.RemoteWebDriver.findElement(RemoteWebDriver.java:416)
	at org.openqa.selenium.remote.RemoteWebDriver.findElementById(RemoteWebDriver.java:462)
	at org.openqa.selenium.By$ById.findElement(By.java:218)
	at org.openqa.selenium.remote.RemoteWebDriver.findElement(RemoteWebDriver.java:408)
	at Tests.RegisterPageTesting.checkAlert(RegisterPageTesting.java:181)
	at Tests.RegisterPageTesting.AssignValues(RegisterPageTesting.java:111)
	at sun.reflect.NativeMethodAccessorImpl.invoke0(Native Method)
	at sun.reflect.NativeMethodAccessorImpl.invoke(Unknown Source)
	at sun.reflect.DelegatingMethodAccessorImpl.invoke(Unknown Source)
	at java.lang.reflect.Method.invoke(Unknown Source)
	at org.testng.internal.MethodInvocationHelper.invokeMethod(MethodInvocationHelper.java:108)
	at org.testng.internal.Invoker.invokeMethod(Invoker.java:669)
	at org.testng.internal.Invoker.invokeTestMethod(Invoker.java:877)
	at org.testng.internal.Invoker.invokeTestMethods(Invoker.java:1201)
	at org.testng.internal.TestMethodWorker.invokeTestMethods(TestMethodWorker.java:125)
	at org.testng.internal.TestMethodWorker.run(TestMethodWorker.java:109)
	at org.testng.TestRunner.privateRun(TestRunner.java:776)
	at org.testng.TestRunner.run(TestRunner.java:634)
	at org.testng.SuiteRunner.runTest(SuiteRunner.java:425)
	at org.testng.SuiteRunner.runSequentially(SuiteRunner.java:420)
	at org.testng.SuiteRunner.privateRun(SuiteRunner.java:385)
	at org.testng.SuiteRunner.run(SuiteRunner.java:334)
	at org.testng.SuiteRunnerWorker.runSuite(SuiteRunnerWorker.java:52)
	at org.testng.SuiteRunnerWorker.run(SuiteRunnerWorker.java:86)
	at org.testng.TestNG.runSuitesSequentially(TestNG.java:1318)
	at org.testng.TestNG.runSuitesLocally(TestNG.java:1243)
	at org.testng.TestNG.runSuites(TestNG.java:1161)
	at org.testng.TestNG.run(TestNG.java:1129)
	at org.testng.remote.AbstractRemoteTestNG.run(AbstractRemoteTestNG.java:114)
	at org.testng.remote.RemoteTestNG.initAndRun(RemoteTestNG.java:251)
	at org.testng.remote.RemoteTestNG.main(RemoteTestNG.java:77)

</div> <!-- stack-trace -->
                </div> <!-- method-content -->
              </div> <!-- method -->
            </div> <!-- main-panel-content rounded-window-bottom -->
          </div> <!-- suite-Default_suite-class-failed -->
          <div class="suite-Default_suite-class-passed">
            <div class="main-panel-header rounded-window-top">
              <img src="passed.png"/>
              <span class="class-name">Tests.RegisterPageTesting</span>
            </div> <!-- main-panel-header rounded-window-top -->
            <div class="main-panel-content rounded-window-bottom">
              <div class="method">
                <div class="method-content">
                  <a name="AssignValues(rolen@gmail.com, rolen, rolen, rolen, quadros, 4021110000, 3, thisone, 4, thatone, 4, forever, null)">
                  </a> <!-- AssignValues(rolen@gmail.com, rolen, rolen, rolen, quadros, 4021110000, 3, thisone, 4, thatone, 4, forever, null) -->
                  <span class="method-name">AssignValues</span>
                  <span class="parameters">(rolen@gmail.com, rolen, rolen, rolen, quadros, 4021110000, 3, thisone, 4, thatone, 4, forever, null)</span>
                </div> <!-- method-content -->
              </div> <!-- method -->
              <div class="method">
                <div class="method-content">
                  <a name="AssignValues(shanshan@unomaha.edu, shanshan, shanshan, test, test, 4021110000, 5, thisone, 5, thatone, 4, forever...)">
                  </a> <!-- AssignValues(shanshan@unomaha.edu, shanshan, shanshan, test, test, 4021110000, 5, thisone, 5, thatone, 4, forever...) -->
                  <span class="method-name">AssignValues</span>
                  <span class="parameters">(shanshan@unomaha.edu, shanshan, shanshan, test, test, 4021110000, 5, thisone, 5, thatone, 4, forever, null)</span>
                </div> <!-- method-content -->
              </div> <!-- method -->
              <div class="method">
                <div class="method-content">
                  <a name="AssignValues(shanshan@unomaha.edu, shanshan, shanshan, test, test, 4021110000, 5, thisone, 3, thatone, 5, forever...)">
                  </a> <!-- AssignValues(shanshan@unomaha.edu, shanshan, shanshan, test, test, 4021110000, 5, thisone, 3, thatone, 5, forever...) -->
                  <span class="method-name">AssignValues</span>
                  <span class="parameters">(shanshan@unomaha.edu, shanshan, shanshan, test, test, 4021110000, 5, thisone, 3, thatone, 5, forever, null)</span>
                </div> <!-- method-content -->
              </div> <!-- method -->
              <div class="method">
                <div class="method-content">
                  <a name="AssignValues(shanshan@unomaha.edu, shanshan, shanshan, test, test, 4021110000, 1, thisone, 3, , 4, forever, null)">
                  </a> <!-- AssignValues(shanshan@unomaha.edu, shanshan, shanshan, test, test, 4021110000, 1, thisone, 3, , 4, forever, null) -->
                  <span class="method-name">AssignValues</span>
                  <span class="parameters">(shanshan@unomaha.edu, shanshan, shanshan, test, test, 4021110000, 1, thisone, 3, , 4, forever, null)</span>
                </div> <!-- method-content -->
              </div> <!-- method -->
              <div class="method">
                <div class="method-content">
                  <a name="AssignValues(shanshan@unomaha.edu, shanshan, shanshan, test, test, 4021110000, 1, thisone, 3, thatone, 3, forever...)">
                  </a> <!-- AssignValues(shanshan@unomaha.edu, shanshan, shanshan, test, test, 4021110000, 1, thisone, 3, thatone, 3, forever...) -->
                  <span class="method-name">AssignValues</span>
                  <span class="parameters">(shanshan@unomaha.edu, shanshan, shanshan, test, test, 4021110000, 1, thisone, 3, thatone, 3, forever, null)</span>
                </div> <!-- method-content -->
              </div> <!-- method -->
              <div class="method">
                <div class="method-content">
                  <a name="AssignValues(shanshan@unomaha.edu, shanshan, shan, test, test, , 1, thisone, 7, thatone, 7, forever, null)">
                  </a> <!-- AssignValues(shanshan@unomaha.edu, shanshan, shan, test, test, , 1, thisone, 7, thatone, 7, forever, null) -->
                  <span class="method-name">AssignValues</span>
                  <span class="parameters">(shanshan@unomaha.edu, shanshan, shan, test, test, , 1, thisone, 7, thatone, 7, forever, null)</span>
                </div> <!-- method-content -->
              </div> <!-- method -->
              <div class="method">
                <div class="method-content">
                  <a name="AssignValues(shanshan@unomaha.edu, shanshan, shanshan, test, test, 4021110000, 1, thisone, 2, thatone, 2, forever...)">
                  </a> <!-- AssignValues(shanshan@unomaha.edu, shanshan, shanshan, test, test, 4021110000, 1, thisone, 2, thatone, 2, forever...) -->
                  <span class="method-name">AssignValues</span>
                  <span class="parameters">(shanshan@unomaha.edu, shanshan, shanshan, test, test, 4021110000, 1, thisone, 2, thatone, 2, forever, null)</span>
                </div> <!-- method-content -->
              </div> <!-- method -->
              <div class="method">
                <div class="method-content">
                  <a name="AssignValues(shanshan@unomaha.edu, shanshan, shanshan, test, test, 4021110000, 1, , 1, thatone, 3, forever, null)">
                  </a> <!-- AssignValues(shanshan@unomaha.edu, shanshan, shanshan, test, test, 4021110000, 1, , 1, thatone, 3, forever, null) -->
                  <span class="method-name">AssignValues</span>
                  <span class="parameters">(shanshan@unomaha.edu, shanshan, shanshan, test, test, 4021110000, 1, , 1, thatone, 3, forever, null)</span>
                </div> <!-- method-content -->
              </div> <!-- method -->
              <div class="method">
                <div class="method-content">
                  <a name="AssignValues(shanshan@unomaha.edu, shanshan, shanshan, test, test, 4021110000, 3, thisone, 3, thatone, 4, , null)">
                  </a> <!-- AssignValues(shanshan@unomaha.edu, shanshan, shanshan, test, test, 4021110000, 3, thisone, 3, thatone, 4, , null) -->
                  <span class="method-name">AssignValues</span>
                  <span class="parameters">(shanshan@unomaha.edu, shanshan, shanshan, test, test, 4021110000, 3, thisone, 3, thatone, 4, , null)</span>
                </div> <!-- method-content -->
              </div> <!-- method -->
              <div class="method">
                <div class="method-content">
                  <a name="AssignValues(astril@gmail.com, astril, astril, astril, quadros, 4021110000, 3, , 3, thatone, 4, forever, null)">
                  </a> <!-- AssignValues(astril@gmail.com, astril, astril, astril, quadros, 4021110000, 3, , 3, thatone, 4, forever, null) -->
                  <span class="method-name">AssignValues</span>
                  <span class="parameters">(astril@gmail.com, astril, astril, astril, quadros, 4021110000, 3, , 3, thatone, 4, forever, null)</span>
                </div> <!-- method-content -->
              </div> <!-- method -->
            </div> <!-- main-panel-content rounded-window-bottom -->
          </div> <!-- suite-Default_suite-class-passed -->
        </div> <!-- panel Default_suite -->
        <div panel-name="test-xml-Default_suite" class="panel">
          <div class="main-panel-header rounded-window-top">
            <span class="header-content">C:\Users\Harsha Verma\AppData\Local\Temp\testng-eclipse--65334118\testng-customsuite.xml</span>
          </div> <!-- main-panel-header rounded-window-top -->
          <div class="main-panel-content rounded-window-bottom">
            <pre>
&lt;?xml version=&quot;1.0&quot; encoding=&quot;UTF-8&quot;?&gt;
&lt;!DOCTYPE suite SYSTEM &quot;http://testng.org/testng-1.0.dtd&quot;&gt;
&lt;suite guice-stage=&quot;DEVELOPMENT&quot; name=&quot;Default suite&quot;&gt;
  &lt;test verbose=&quot;2&quot; name=&quot;Default test&quot;&gt;
    &lt;classes&gt;
      &lt;class name=&quot;Tests.RegisterPageTesting&quot;/&gt;
    &lt;/classes&gt;
  &lt;/test&gt; &lt;!-- Default test --&gt;
&lt;/suite&gt; &lt;!-- Default suite --&gt;
            </pre>
          </div> <!-- main-panel-content rounded-window-bottom -->
        </div> <!-- panel -->
        <div panel-name="testlist-Default_suite" class="panel">
          <div class="main-panel-header rounded-window-top">
            <span class="header-content">Tests for Default suite</span>
          </div> <!-- main-panel-header rounded-window-top -->
          <div class="main-panel-content rounded-window-bottom">
            <ul>
              <li>
                <span class="test-name">Default test (1 class)</span>
              </li>
            </ul>
          </div> <!-- main-panel-content rounded-window-bottom -->
        </div> <!-- panel -->
        <div panel-name="group-Default_suite" class="panel">
          <div class="main-panel-header rounded-window-top">
            <span class="header-content">Groups for Default suite</span>
          </div> <!-- main-panel-header rounded-window-top -->
          <div class="main-panel-content rounded-window-bottom">
          </div> <!-- main-panel-content rounded-window-bottom -->
        </div> <!-- panel -->
        <div panel-name="times-Default_suite" class="panel">
          <div class="main-panel-header rounded-window-top">
            <span class="header-content">Times for Default suite</span>
          </div> <!-- main-panel-header rounded-window-top -->
          <div class="main-panel-content rounded-window-bottom">
            <div class="times-div">
              <script type="text/javascript">
suiteTableInitFunctions.push('tableData_Default_suite');
function tableData_Default_suite() {
var data = new google.visualization.DataTable();
data.addColumn('number', 'Number');
data.addColumn('string', 'Method');
data.addColumn('string', 'Class');
data.addColumn('number', 'Time (ms)');
data.addRows(16);
data.setCell(0, 0, 0)
data.setCell(0, 1, 'AssignValues')
data.setCell(0, 2, 'Tests.RegisterPageTesting')
data.setCell(0, 3, 6473);
data.setCell(1, 0, 1)
data.setCell(1, 1, 'AssignValues')
data.setCell(1, 2, 'Tests.RegisterPageTesting')
data.setCell(1, 3, 3370);
data.setCell(2, 0, 2)
data.setCell(2, 1, 'AssignValues')
data.setCell(2, 2, 'Tests.RegisterPageTesting')
data.setCell(2, 3, 3341);
data.setCell(3, 0, 3)
data.setCell(3, 1, 'AssignValues')
data.setCell(3, 2, 'Tests.RegisterPageTesting')
data.setCell(3, 3, 3302);
data.setCell(4, 0, 4)
data.setCell(4, 1, 'AssignValues')
data.setCell(4, 2, 'Tests.RegisterPageTesting')
data.setCell(4, 3, 3163);
data.setCell(5, 0, 5)
data.setCell(5, 1, 'AssignValues')
data.setCell(5, 2, 'Tests.RegisterPageTesting')
data.setCell(5, 3, 3084);
data.setCell(6, 0, 6)
data.setCell(6, 1, 'AssignValues')
data.setCell(6, 2, 'Tests.RegisterPageTesting')
data.setCell(6, 3, 2978);
data.setCell(7, 0, 7)
data.setCell(7, 1, 'AssignValues')
data.setCell(7, 2, 'Tests.RegisterPageTesting')
data.setCell(7, 3, 2976);
data.setCell(8, 0, 8)
data.setCell(8, 1, 'AssignValues')
data.setCell(8, 2, 'Tests.RegisterPageTesting')
data.setCell(8, 3, 2873);
data.setCell(9, 0, 9)
data.setCell(9, 1, 'AssignValues')
data.setCell(9, 2, 'Tests.RegisterPageTesting')
data.setCell(9, 3, 2589);
data.setCell(10, 0, 10)
data.setCell(10, 1, 'AssignValues')
data.setCell(10, 2, 'Tests.RegisterPageTesting')
data.setCell(10, 3, 2487);
data.setCell(11, 0, 11)
data.setCell(11, 1, 'AssignValues')
data.setCell(11, 2, 'Tests.RegisterPageTesting')
data.setCell(11, 3, 2220);
data.setCell(12, 0, 12)
data.setCell(12, 1, 'AssignValues')
data.setCell(12, 2, 'Tests.RegisterPageTesting')
data.setCell(12, 3, 2201);
data.setCell(13, 0, 13)
data.setCell(13, 1, 'AssignValues')
data.setCell(13, 2, 'Tests.RegisterPageTesting')
data.setCell(13, 3, 2173);
data.setCell(14, 0, 14)
data.setCell(14, 1, 'AssignValues')
data.setCell(14, 2, 'Tests.RegisterPageTesting')
data.setCell(14, 3, 2114);
data.setCell(15, 0, 15)
data.setCell(15, 1, 'AssignValues')
data.setCell(15, 2, 'Tests.RegisterPageTesting')
data.setCell(15, 3, 2105);
window.suiteTableData['Default_suite']= { tableData: data, tableDiv: 'times-div-Default_suite'}
return data;
}
              </script>
              <span class="suite-total-time">Total running time: 47 seconds</span>
              <div id="times-div-Default_suite">
              </div> <!-- times-div-Default_suite -->
            </div> <!-- times-div -->
          </div> <!-- main-panel-content rounded-window-bottom -->
        </div> <!-- panel -->
        <div panel-name="reporter-Default_suite" class="panel">
          <div class="main-panel-header rounded-window-top">
            <span class="header-content">Reporter output for Default suite</span>
          </div> <!-- main-panel-header rounded-window-top -->
          <div class="main-panel-content rounded-window-bottom">
          </div> <!-- main-panel-content rounded-window-bottom -->
        </div> <!-- panel -->
        <div panel-name="ignored-methods-Default_suite" class="panel">
          <div class="main-panel-header rounded-window-top">
            <span class="header-content">0 ignored methods</span>
          </div> <!-- main-panel-header rounded-window-top -->
          <div class="main-panel-content rounded-window-bottom">
          </div> <!-- main-panel-content rounded-window-bottom -->
        </div> <!-- panel -->
        <div panel-name="chronological-Default_suite" class="panel">
          <div class="main-panel-header rounded-window-top">
            <span class="header-content">Methods in chronological order</span>
          </div> <!-- main-panel-header rounded-window-top -->
          <div class="main-panel-content rounded-window-bottom">
            <div class="chronological-class">
              <div class="chronological-class-name">Tests.RegisterPageTesting</div> <!-- chronological-class-name -->
              <div class="test-method">
                <span class="method-name">AssignValues(shanshan@unomaha.edu, shanshan, shanshan, test, test, 4021110000, 1, thisone, 2, thatone, 2, forever...)</span>
                <span class="method-start">0 ms</span>
              </div> <!-- test-method -->
              <div class="test-method">
                <span class="method-name">AssignValues(astril@gmail.com, astril, astril, astril, quadros, 4021110000, 3, , 3, thatone, 4, forever, null)</span>
                <span class="method-start">6473 ms</span>
              </div> <!-- test-method -->
              <div class="test-method">
                <span class="method-name">AssignValues(rolen@gmail.com, rolen, rolen, rolen, quadros, 4021110000, 3, thisone, 4, thatone, 4, forever, null)</span>
                <span class="method-start">9843 ms</span>
              </div> <!-- test-method -->
              <div class="test-method">
                <img src="failed.png">
                </img>
                <span class="method-name">AssignValues(test1@gmail.com, tu, tu, , quadros, 4021110000, 6, thisone, 5, , 6, forever, null)</span>
                <span class="method-start">13184 ms</span>
              </div> <!-- test-method -->
              <div class="test-method">
                <img src="failed.png">
                </img>
                <span class="method-name">AssignValues(, shanshan, shanshan, test, test, 4021110000, 1, thisone, 2, thatone, 2, forever, null)</span>
                <span class="method-start">15789 ms</span>
              </div> <!-- test-method -->
              <div class="test-method">
                <img src="failed.png">
                </img>
                <span class="method-name">AssignValues(shanshan@unomaha.edu, , shanshan, test, test, 4021110000, 1, thisone, 3, thatone, 3, forever, null)</span>
                <span class="method-start">17903 ms</span>
              </div> <!-- test-method -->
              <div class="test-method">
                <img src="failed.png">
                </img>
                <span class="method-name">AssignValues(shanshan@unomaha.edu, shanshan, , test, test, 4021110000, 1, thisone, 4, thatone, 4, forever, null)</span>
                <span class="method-start">20125 ms</span>
              </div> <!-- test-method -->
              <div class="test-method">
                <img src="failed.png">
                </img>
                <span class="method-name">AssignValues(shanshan@unomaha.edu, shanshan, shanshan, , test, 4021110000, 1, thisone, 5, thatone, 5, forever, nu...)</span>
                <span class="method-start">22328 ms</span>
              </div> <!-- test-method -->
              <div class="test-method">
                <img src="failed.png">
                </img>
                <span class="method-name">AssignValues(shanshan@unomaha.edu, shanshan, shanshan, test, , 4021110000, 1, thisone, 6, thatone, 6, forever, nu...)</span>
                <span class="method-start">24433 ms</span>
              </div> <!-- test-method -->
              <div class="test-method">
                <span class="method-name">AssignValues(shanshan@unomaha.edu, shanshan, shan, test, test, , 1, thisone, 7, thatone, 7, forever, null)</span>
                <span class="method-start">26606 ms</span>
              </div> <!-- test-method -->
              <div class="test-method">
                <span class="method-name">AssignValues(shanshan@unomaha.edu, shanshan, shanshan, test, test, 4021110000, 1, , 1, thatone, 3, forever, null)</span>
                <span class="method-start">29584 ms</span>
              </div> <!-- test-method -->
              <div class="test-method">
                <span class="method-name">AssignValues(shanshan@unomaha.edu, shanshan, shanshan, test, test, 4021110000, 1, thisone, 3, , 4, forever, null)</span>
                <span class="method-start">32071 ms</span>
              </div> <!-- test-method -->
              <div class="test-method">
                <span class="method-name">AssignValues(shanshan@unomaha.edu, shanshan, shanshan, test, test, 4021110000, 3, thisone, 3, thatone, 4, , null)</span>
                <span class="method-start">34944 ms</span>
              </div> <!-- test-method -->
              <div class="test-method">
                <span class="method-name">AssignValues(shanshan@unomaha.edu, shanshan, shanshan, test, test, 4021110000, 1, thisone, 3, thatone, 3, forever...)</span>
                <span class="method-start">37920 ms</span>
              </div> <!-- test-method -->
              <div class="test-method">
                <span class="method-name">AssignValues(shanshan@unomaha.edu, shanshan, shanshan, test, test, 4021110000, 5, thisone, 5, thatone, 4, forever...)</span>
                <span class="method-start">41085 ms</span>
              </div> <!-- test-method -->
              <div class="test-method">
                <span class="method-name">AssignValues(shanshan@unomaha.edu, shanshan, shanshan, test, test, 4021110000, 5, thisone, 3, thatone, 5, forever...)</span>
                <span class="method-start">44387 ms</span>
              </div> <!-- test-method -->
              <div class="configuration-class after">
                <span class="method-name">closeBrowser</span>
                <span class="method-start">47471 ms</span>
              </div> <!-- configuration-class after -->
          </div> <!-- main-panel-content rounded-window-bottom -->
        </div> <!-- panel -->
      </div> <!-- main-panel-root -->
    </div> <!-- wrapper -->
  </body>
</html>
